2026-03-03T22:17:51.257003+0300 | INFO | Started server process [20316]
2026-03-03T22:17:51.257464+0300 | INFO | Started server process [20316]
2026-03-03T22:17:51.257709+0300 | INFO | Waiting for application startup.
2026-03-03T22:17:51.257864+0300 | INFO | Waiting for application startup.
2026-03-03T22:17:51.258345+0300 | INFO | Redis connected
2026-03-03T22:17:51.268035+0300 | INFO | Application started
2026-03-03T22:17:51.268419+0300 | INFO | Application startup complete.
2026-03-03T22:17:51.268630+0300 | INFO | Application startup complete.
2026-03-03T22:17:56.715558+0300 | INFO | Shutting down
2026-03-03T22:17:56.716012+0300 | INFO | Shutting down
2026-03-03T22:17:56.823102+0300 | INFO | Waiting for application shutdown.
2026-03-03T22:17:56.824030+0300 | INFO | Waiting for application shutdown.
2026-03-03T22:17:56.824925+0300 | INFO | Redis closed
2026-03-03T22:17:56.825188+0300 | INFO | Application stopped
2026-03-03T22:17:56.825468+0300 | INFO | Application shutdown complete.
2026-03-03T22:17:56.825643+0300 | INFO | Application shutdown complete.
2026-03-03T22:17:56.825948+0300 | INFO | Finished server process [20316]
2026-03-03T22:17:56.826231+0300 | INFO | Finished server process [20316]
2026-03-03T22:17:58.013967+0300 | INFO | Started server process [12596]
2026-03-03T22:17:58.014542+0300 | INFO | Started server process [12596]
2026-03-03T22:17:58.014841+0300 | INFO | Waiting for application startup.
2026-03-03T22:17:58.015203+0300 | INFO | Waiting for application startup.
2026-03-03T22:17:58.015823+0300 | INFO | Redis connected
2026-03-03T22:17:58.024638+0300 | INFO | Application started
2026-03-03T22:17:58.025003+0300 | INFO | Application startup complete.
2026-03-03T22:17:58.025151+0300 | INFO | Application startup complete.
2026-03-03T22:18:05.207555+0300 | INFO | Shutting down
2026-03-03T22:18:05.207921+0300 | INFO | Shutting down
2026-03-03T22:18:05.318243+0300 | INFO | Waiting for application shutdown.
2026-03-03T22:18:05.318579+0300 | INFO | Waiting for application shutdown.
2026-03-03T22:18:05.319042+0300 | INFO | Redis closed
2026-03-03T22:18:05.319306+0300 | INFO | Application stopped
2026-03-03T22:18:05.319747+0300 | INFO | Application shutdown complete.
2026-03-03T22:18:05.320079+0300 | INFO | Application shutdown complete.
2026-03-03T22:18:05.320410+0300 | INFO | Finished server process [12596]
2026-03-03T22:18:05.320604+0300 | INFO | Finished server process [12596]
2026-03-03T22:18:06.497251+0300 | INFO | Started server process [16904]
2026-03-03T22:18:06.497737+0300 | INFO | Started server process [16904]
2026-03-03T22:18:06.498146+0300 | INFO | Waiting for application startup.
2026-03-03T22:18:06.498299+0300 | INFO | Waiting for application startup.
2026-03-03T22:18:06.498732+0300 | INFO | Redis connected
2026-03-03T22:18:06.507514+0300 | INFO | Application started
2026-03-03T22:18:06.507906+0300 | INFO | Application startup complete.
2026-03-03T22:18:06.508070+0300 | INFO | Application startup complete.
2026-03-03T22:18:20.667439+0300 | INFO | Shutting down
2026-03-03T22:18:20.667869+0300 | INFO | Shutting down
2026-03-03T22:18:20.777532+0300 | INFO | Waiting for application shutdown.
2026-03-03T22:18:20.778130+0300 | INFO | Waiting for application shutdown.
2026-03-03T22:18:20.778759+0300 | INFO | Redis closed
2026-03-03T22:18:20.779149+0300 | INFO | Application stopped
2026-03-03T22:18:20.779580+0300 | INFO | Application shutdown complete.
2026-03-03T22:18:20.779904+0300 | INFO | Application shutdown complete.
2026-03-03T22:18:20.780303+0300 | INFO | Finished server process [16904]
2026-03-03T22:18:20.780612+0300 | INFO | Finished server process [16904]
2026-03-03T22:18:37.543901+0300 | INFO | Started server process [16932]
2026-03-03T22:18:37.544379+0300 | INFO | Started server process [16932]
2026-03-03T22:18:37.544655+0300 | INFO | Waiting for application startup.
2026-03-03T22:18:37.544823+0300 | INFO | Waiting for application startup.
2026-03-03T22:18:37.545427+0300 | INFO | Redis connected
2026-03-03T22:18:37.553823+0300 | INFO | Application started
2026-03-03T22:18:37.554219+0300 | INFO | Application startup complete.
2026-03-03T22:18:37.554519+0300 | INFO | Application startup complete.
2026-03-03T22:20:48.713708+0300 | INFO | Shutting down
2026-03-03T22:20:48.714057+0300 | INFO | Shutting down
2026-03-03T22:20:48.821403+0300 | INFO | Waiting for application shutdown.
2026-03-03T22:20:48.821918+0300 | INFO | Waiting for application shutdown.
2026-03-03T22:20:48.822622+0300 | INFO | Redis closed
2026-03-03T22:20:48.822973+0300 | INFO | Application stopped
2026-03-03T22:20:48.823371+0300 | INFO | Application shutdown complete.
2026-03-03T22:20:48.823621+0300 | INFO | Application shutdown complete.
2026-03-03T22:20:48.823925+0300 | INFO | Finished server process [16932]
2026-03-03T22:20:48.824052+0300 | INFO | Finished server process [16932]
2026-03-03T22:20:50.087529+0300 | INFO | Started server process [2296]
2026-03-03T22:20:50.088067+0300 | INFO | Started server process [2296]
2026-03-03T22:20:50.088359+0300 | INFO | Waiting for application startup.
2026-03-03T22:20:50.088551+0300 | INFO | Waiting for application startup.
2026-03-03T22:20:50.403802+0300 | INFO | Redis connected
2026-03-03T22:20:50.410187+0300 | INFO | Application started
2026-03-03T22:20:50.410725+0300 | INFO | Application startup complete.
2026-03-03T22:20:50.411008+0300 | INFO | Application startup complete.
2026-03-03T22:21:34.180537+0300 | ERROR | Exception in ASGI application

Traceback (most recent call last):

  File "C:\Users\B1zn3\AppData\Local\pypoetry\Cache\virtualenvs\backend-s7nl4Lah-py3.13\Lib\site-packages\sqlalchemy\dialects\postgresql\asyncpg.py", line 550, in _prepare_and_execute
    self._rows = deque(await prepared_stmt.fetch(*parameters))
    │    │       │           │             │      └ (3, '12user@example.com', '$argon2id$v=19$m=65536,t=3,p=4$TglhDIGQUqp17p2TEgIgxA$XLhlmEiEgnGSY6FkOFQkM6YoyTahCBMxfqxvGm4h9rI'...
    │    │       │           │             └ <function PreparedStatement.fetch at 0x000001FBBD705440>
    │    │       │           └ <asyncpg.prepared_stmt.PreparedStatement object at 0x000001FBBEB0FD30>
    │    │       └ <class 'collections.deque'>
    │    └ <member '_rows' of 'AsyncAdapt_asyncpg_cursor' objects>
    └ <sqlalchemy.dialects.postgresql.asyncpg.AsyncAdapt_asyncpg_cursor object at 0x000001FBBE7EF580>
  File "C:\Users\B1zn3\AppData\Local\pypoetry\Cache\virtualenvs\backend-s7nl4Lah-py3.13\Lib\site-packages\asyncpg\prepared_stmt.py", line 177, in fetch
    data = await self.__bind_execute(args, 0, timeout)
                 │                   │        └ None
                 │                   └ (3, '12user@example.com', '$argon2id$v=19$m=65536,t=3,p=4$TglhDIGQUqp17p2TEgIgxA$XLhlmEiEgnGSY6FkOFQkM6YoyTahCBMxfqxvGm4h9rI'...
                 └ <asyncpg.prepared_stmt.PreparedStatement object at 0x000001FBBEB0FD30>
  File "C:\Users\B1zn3\AppData\Local\pypoetry\Cache\virtualenvs\backend-s7nl4Lah-py3.13\Lib\site-packages\asyncpg\prepared_stmt.py", line 268, in __bind_execute
    data, status, _ = await self.__do_execute(
                            └ <asyncpg.prepared_stmt.PreparedStatement object at 0x000001FBBEB0FD30>
  File "C:\Users\B1zn3\AppData\Local\pypoetry\Cache\virtualenvs\backend-s7nl4Lah-py3.13\Lib\site-packages\asyncpg\prepared_stmt.py", line 257, in __do_execute
    return await executor(protocol)
                 │        └ <asyncpg.protocol.protocol.Protocol object at 0x000001FBBE481390>
                 └ <function PreparedStatement.__bind_execute.<locals>.<lambda> at 0x000001FBBEA237E0>
  File "asyncpg/protocol/protocol.pyx", line 205, in bind_execute
    return await waiter

asyncpg.exceptions.UniqueViolationError: duplicate key value violates unique constraint "users_role_id_key"
DETAIL:  Key (role_id)=(3) already exists.


The above exception was the direct cause of the following exception:


Traceback (most recent call last):

  File "C:\Users\B1zn3\AppData\Local\pypoetry\Cache\virtualenvs\backend-s7nl4Lah-py3.13\Lib\site-packages\sqlalchemy\engine\base.py", line 1967, in _exec_single_context
    self.dialect.do_execute(
    │    │       └ <function DefaultDialect.do_execute at 0x000001FBBCE15A80>
    │    └ <sqlalchemy.dialects.postgresql.asyncpg.PGDialect_asyncpg object at 0x000001FBBD557A10>
    └ <sqlalchemy.engine.base.Connection object at 0x000001FBBE79D5B0>
  File "C:\Users\B1zn3\AppData\Local\pypoetry\Cache\virtualenvs\backend-s7nl4Lah-py3.13\Lib\site-packages\sqlalchemy\engine\default.py", line 952, in do_execute
    cursor.execute(statement, parameters)
    │      │       │          └ (3, '12user@example.com', '$argon2id$v=19$m=65536,t=3,p=4$TglhDIGQUqp17p2TEgIgxA$XLhlmEiEgnGSY6FkOFQkM6YoyTahCBMxfqxvGm4h9rI'...
    │      │       └ 'INSERT INTO users (role_id, email, password, is_active, created_at, updated_at, company_id, applicant_id) VALUES ($1::INTEGE...
    │      └ <function AsyncAdapt_asyncpg_cursor.execute at 0x000001FBBD5FD440>
    └ <sqlalchemy.dialects.postgresql.asyncpg.AsyncAdapt_asyncpg_cursor object at 0x000001FBBE7EF580>
  File "C:\Users\B1zn3\AppData\Local\pypoetry\Cache\virtualenvs\backend-s7nl4Lah-py3.13\Lib\site-packages\sqlalchemy\dialects\postgresql\asyncpg.py", line 585, in execute
    self._adapt_connection.await_(
    │    └ <member '_adapt_connection' of 'AsyncAdapt_asyncpg_cursor' objects>
    └ <sqlalchemy.dialects.postgresql.asyncpg.AsyncAdapt_asyncpg_cursor object at 0x000001FBBE7EF580>
  File "C:\Users\B1zn3\AppData\Local\pypoetry\Cache\virtualenvs\backend-s7nl4Lah-py3.13\Lib\site-packages\sqlalchemy\util\_concurrency_py3k.py", line 132, in await_only
    return current.parent.switch(awaitable)  # type: ignore[no-any-return,attr-defined] # noqa: E501
           │       │             └ <coroutine object AsyncAdapt_asyncpg_cursor._prepare_and_execute at 0x000001FBBEA1C6D0>
           │       └ <attribute 'parent' of 'greenlet.greenlet' objects>
           └ <_AsyncIoGreenlet object at 0x000001FBBE739880 (otid=0x000001FBBC10BDB0) dead>
  File "C:\Users\B1zn3\AppData\Local\pypoetry\Cache\virtualenvs\backend-s7nl4Lah-py3.13\Lib\site-packages\sqlalchemy\util\_concurrency_py3k.py", line 196, in greenlet_spawn
    value = await result
                  └ <coroutine object AsyncAdapt_asyncpg_connection._rollback_and_discard at 0x000001FBBEB582B0>
  File "C:\Users\B1zn3\AppData\Local\pypoetry\Cache\virtualenvs\backend-s7nl4Lah-py3.13\Lib\site-packages\sqlalchemy\dialects\postgresql\asyncpg.py", line 563, in _prepare_and_execute
    self._handle_exception(error)
    │    └ <function AsyncAdapt_asyncpg_cursor._handle_exception at 0x000001FBBD5FD260>
    └ <sqlalchemy.dialects.postgresql.asyncpg.AsyncAdapt_asyncpg_cursor object at 0x000001FBBE7EF580>
  File "C:\Users\B1zn3\AppData\Local\pypoetry\Cache\virtualenvs\backend-s7nl4Lah-py3.13\Lib\site-packages\sqlalchemy\dialects\postgresql\asyncpg.py", line 513, in _handle_exception
    self._adapt_connection._handle_exception(error)
    │    │                                   └ UniqueViolationError('duplicate key value violates unique constraint "users_role_id_key"')
    │    └ <member '_adapt_connection' of 'AsyncAdapt_asyncpg_cursor' objects>
    └ <sqlalchemy.dialects.postgresql.asyncpg.AsyncAdapt_asyncpg_cursor object at 0x000001FBBE7EF580>
  File "C:\Users\B1zn3\AppData\Local\pypoetry\Cache\virtualenvs\backend-s7nl4Lah-py3.13\Lib\site-packages\sqlalchemy\dialects\postgresql\asyncpg.py", line 797, in _handle_exception
    raise translated_error from error
          │                     └ UniqueViolationError('duplicate key value violates unique constraint "users_role_id_key"')
          └ IntegrityError('<class \'asyncpg.exceptions.UniqueViolationError\'>: duplicate key value violates unique constraint "users_ro...

sqlalchemy.dialects.postgresql.asyncpg.AsyncAdapt_asyncpg_dbapi.IntegrityError: <class 'asyncpg.exceptions.UniqueViolationError'>: duplicate key value violates unique constraint "users_role_id_key"
DETAIL:  Key (role_id)=(3) already exists.


The above exception was the direct cause of the following exception:


Traceback (most recent call last):

  File "<string>", line 1, in <module>
  File "C:\Program Files\WindowsApps\PythonSoftwareFoundation.Python.3.13_3.13.3312.0_x64__qbz5n2kfra8p0\Lib\multiprocessing\spawn.py", line 122, in spawn_main
    exitcode = _main(fd, parent_sentinel)
               │     │   └ 572
               │     └ 3
               └ <function _main at 0x000001FBB97772E0>
  File "C:\Program Files\WindowsApps\PythonSoftwareFoundation.Python.3.13_3.13.3312.0_x64__qbz5n2kfra8p0\Lib\multiprocessing\spawn.py", line 135, in _main
    return self._bootstrap(parent_sentinel)
           │    │          └ 572
           │    └ <function BaseProcess._bootstrap at 0x000001FBB9683240>
           └ <SpawnProcess name='SpawnProcess-2' parent=15944 started>
  File "C:\Program Files\WindowsApps\PythonSoftwareFoundation.Python.3.13_3.13.3312.0_x64__qbz5n2kfra8p0\Lib\multiprocessing\process.py", line 313, in _bootstrap
    self.run()
    │    └ <function BaseProcess.run at 0x000001FBB96827A0>
    └ <SpawnProcess name='SpawnProcess-2' parent=15944 started>
  File "C:\Program Files\WindowsApps\PythonSoftwareFoundation.Python.3.13_3.13.3312.0_x64__qbz5n2kfra8p0\Lib\multiprocessing\process.py", line 108, in run
    self._target(*self._args, **self._kwargs)
    │    │        │    │        │    └ {'config': <uvicorn.config.Config object at 0x000001FBBA04B230>, 'target': <bound method Server.run of <uvicorn.server.Server...
    │    │        │    │        └ <SpawnProcess name='SpawnProcess-2' parent=15944 started>
    │    │        │    └ ()
    │    │        └ <SpawnProcess name='SpawnProcess-2' parent=15944 started>
    │    └ <function subprocess_started at 0x000001FBBA128D60>
    └ <SpawnProcess name='SpawnProcess-2' parent=15944 started>
  File "C:\Users\B1zn3\AppData\Local\pypoetry\Cache\virtualenvs\backend-s7nl4Lah-py3.13\Lib\site-packages\uvicorn\_subprocess.py", line 80, in subprocess_started
    target(sockets=sockets)
    │              └ [<socket.socket fd=636, family=2, type=1, proto=6, laddr=('127.0.0.1', 8000)>]
    └ <bound method Server.run of <uvicorn.server.Server object at 0x000001FBBA04B380>>
  File "C:\Users\B1zn3\AppData\Local\pypoetry\Cache\virtualenvs\backend-s7nl4Lah-py3.13\Lib\site-packages\uvicorn\server.py", line 75, in run
    return asyncio_run(self.serve(sockets=sockets), loop_factory=self.config.get_loop_factory())
           │           │    │             │                      │    │      └ <function Config.get_loop_factory at 0x000001FBBA0E4EA0>
           │           │    │             │                      │    └ <uvicorn.config.Config object at 0x000001FBBA04B230>
           │           │    │             │                      └ <uvicorn.server.Server object at 0x000001FBBA04B380>
           │           │    │             └ [<socket.socket fd=636, family=2, type=1, proto=6, laddr=('127.0.0.1', 8000)>]
           │           │    └ <function Server.serve at 0x000001FBBA123EC0>
           │           └ <uvicorn.server.Server object at 0x000001FBBA04B380>
           └ <function run at 0x000001FBB9B709A0>
  File "C:\Program Files\WindowsApps\PythonSoftwareFoundation.Python.3.13_3.13.3312.0_x64__qbz5n2kfra8p0\Lib\asyncio\runners.py", line 195, in run
    return runner.run(main)
           │      │   └ <coroutine object Server.serve at 0x000001FBB9316960>
           │      └ <function Runner.run at 0x000001FBB9C254E0>
           └ <asyncio.runners.Runner object at 0x000001FBBA174050>
  File "C:\Program Files\WindowsApps\PythonSoftwareFoundation.Python.3.13_3.13.3312.0_x64__qbz5n2kfra8p0\Lib\asyncio\runners.py", line 118, in run
    return self._loop.run_until_complete(task)
           │    │     │                  └ <Task pending name='Task-1' coro=<Server.serve() running at C:\Users\B1zn3\AppData\Local\pypoetry\Cache\virtualenvs\backend-s...
           │    │     └ <function BaseEventLoop.run_until_complete at 0x000001FBB9C22FC0>
           │    └ <_WindowsSelectorEventLoop running=True closed=False debug=False>
           └ <asyncio.runners.Runner object at 0x000001FBBA174050>
  File "C:\Program Files\WindowsApps\PythonSoftwareFoundation.Python.3.13_3.13.3312.0_x64__qbz5n2kfra8p0\Lib\asyncio\base_events.py", line 712, in run_until_complete
    self.run_forever()
    │    └ <function BaseEventLoop.run_forever at 0x000001FBB9C22F20>
    └ <_WindowsSelectorEventLoop running=True closed=False debug=False>
  File "C:\Program Files\WindowsApps\PythonSoftwareFoundation.Python.3.13_3.13.3312.0_x64__qbz5n2kfra8p0\Lib\asyncio\base_events.py", line 683, in run_forever
    self._run_once()
    │    └ <function BaseEventLoop._run_once at 0x000001FBB9C24D60>
    └ <_WindowsSelectorEventLoop running=True closed=False debug=False>
  File "C:\Program Files\WindowsApps\PythonSoftwareFoundation.Python.3.13_3.13.3312.0_x64__qbz5n2kfra8p0\Lib\asyncio\base_events.py", line 2050, in _run_once
    handle._run()
    │      └ <function Handle._run at 0x000001FBB9B6C040>
    └ <Handle Task.task_wakeup()>
  File "C:\Program Files\WindowsApps\PythonSoftwareFoundation.Python.3.13_3.13.3312.0_x64__qbz5n2kfra8p0\Lib\asyncio\events.py", line 89, in _run
    self._context.run(self._callback, *self._args)
    │    │            │    │           │    └ <member '_args' of 'Handle' objects>
    │    │            │    │           └ <Handle Task.task_wakeup()>
    │    │            │    └ <member '_callback' of 'Handle' objects>
    │    │            └ <Handle Task.task_wakeup()>
    │    └ <member '_context' of 'Handle' objects>
    └ <Handle Task.task_wakeup()>
> File "C:\Users\B1zn3\AppData\Local\pypoetry\Cache\virtualenvs\backend-s7nl4Lah-py3.13\Lib\site-packages\uvicorn\protocols\http\h11_impl.py", line 410, in run_asgi
    result = await app(  # type: ignore[func-returns-value]
                   └ <uvicorn.middleware.proxy_headers.ProxyHeadersMiddleware object at 0x000001FBBE453E00>
  File "C:\Users\B1zn3\AppData\Local\pypoetry\Cache\virtualenvs\backend-s7nl4Lah-py3.13\Lib\site-packages\uvicorn\middleware\proxy_headers.py", line 60, in __call__
    return await self.app(scope, receive, send)
                 │    │   │      │        └ <bound method RequestResponseCycle.send of <uvicorn.protocols.http.h11_impl.RequestResponseCycle object at 0x000001FBBE79D6E0>>
                 │    │   │      └ <bound method RequestResponseCycle.receive of <uvicorn.protocols.http.h11_impl.RequestResponseCycle object at 0x000001FBBE79D...
                 │    │   └ {'type': 'http', 'asgi': {'version': '3.0', 'spec_version': '2.3'}, 'http_version': '1.1', 'server': ('127.0.0.1', 8000), 'cl...
                 │    └ <fastapi.applications.FastAPI object at 0x000001FBBE453A10>
                 └ <uvicorn.middleware.proxy_headers.ProxyHeadersMiddleware object at 0x000001FBBE453E00>
  File "C:\Users\B1zn3\AppData\Local\pypoetry\Cache\virtualenvs\backend-s7nl4Lah-py3.13\Lib\site-packages\fastapi\applications.py", line 1134, in __call__
    await super().__call__(scope, receive, send)
                           │      │        └ <bound method RequestResponseCycle.send of <uvicorn.protocols.http.h11_impl.RequestResponseCycle object at 0x000001FBBE79D6E0>>
                           │      └ <bound method RequestResponseCycle.receive of <uvicorn.protocols.http.h11_impl.RequestResponseCycle object at 0x000001FBBE79D...
                           └ {'type': 'http', 'asgi': {'version': '3.0', 'spec_version': '2.3'}, 'http_version': '1.1', 'server': ('127.0.0.1', 8000), 'cl...
  File "C:\Users\B1zn3\AppData\Local\pypoetry\Cache\virtualenvs\backend-s7nl4Lah-py3.13\Lib\site-packages\starlette\applications.py", line 107, in __call__
    await self.middleware_stack(scope, receive, send)
          │    │                │      │        └ <bound method RequestResponseCycle.send of <uvicorn.protocols.http.h11_impl.RequestResponseCycle object at 0x000001FBBE79D6E0>>
          │    │                │      └ <bound method RequestResponseCycle.receive of <uvicorn.protocols.http.h11_impl.RequestResponseCycle object at 0x000001FBBE79D...
          │    │                └ {'type': 'http', 'asgi': {'version': '3.0', 'spec_version': '2.3'}, 'http_version': '1.1', 'server': ('127.0.0.1', 8000), 'cl...
          │    └ <starlette.middleware.errors.ServerErrorMiddleware object at 0x000001FBBE690980>
          └ <fastapi.applications.FastAPI object at 0x000001FBBE453A10>
  File "C:\Users\B1zn3\AppData\Local\pypoetry\Cache\virtualenvs\backend-s7nl4Lah-py3.13\Lib\site-packages\starlette\middleware\errors.py", line 186, in __call__
    raise exc
  File "C:\Users\B1zn3\AppData\Local\pypoetry\Cache\virtualenvs\backend-s7nl4Lah-py3.13\Lib\site-packages\starlette\middleware\errors.py", line 164, in __call__
    await self.app(scope, receive, _send)
          │    │   │      │        └ <function ServerErrorMiddleware.__call__.<locals>._send at 0x000001FBBE677600>
          │    │   │      └ <bound method RequestResponseCycle.receive of <uvicorn.protocols.http.h11_impl.RequestResponseCycle object at 0x000001FBBE79D...
          │    │   └ {'type': 'http', 'asgi': {'version': '3.0', 'spec_version': '2.3'}, 'http_version': '1.1', 'server': ('127.0.0.1', 8000), 'cl...
          │    └ <starlette.middleware.exceptions.ExceptionMiddleware object at 0x000001FBBE690830>
          └ <starlette.middleware.errors.ServerErrorMiddleware object at 0x000001FBBE690980>
  File "C:\Users\B1zn3\AppData\Local\pypoetry\Cache\virtualenvs\backend-s7nl4Lah-py3.13\Lib\site-packages\starlette\middleware\exceptions.py", line 63, in __call__
    await wrap_app_handling_exceptions(self.app, conn)(scope, receive, send)
          │                            │    │    │     │      │        └ <function ServerErrorMiddleware.__call__.<locals>._send at 0x000001FBBE677600>
          │                            │    │    │     │      └ <bound method RequestResponseCycle.receive of <uvicorn.protocols.http.h11_impl.RequestResponseCycle object at 0x000001FBBE79D...
          │                            │    │    │     └ {'type': 'http', 'asgi': {'version': '3.0', 'spec_version': '2.3'}, 'http_version': '1.1', 'server': ('127.0.0.1', 8000), 'cl...
          │                            │    │    └ <starlette.requests.Request object at 0x000001FBBE6A39B0>
          │                            │    └ <fastapi.middleware.asyncexitstack.AsyncExitStackMiddleware object at 0x000001FBBE6906E0>
          │                            └ <starlette.middleware.exceptions.ExceptionMiddleware object at 0x000001FBBE690830>
          └ <function wrap_app_handling_exceptions at 0x000001FBBC01DE40>
  File "C:\Users\B1zn3\AppData\Local\pypoetry\Cache\virtualenvs\backend-s7nl4Lah-py3.13\Lib\site-packages\starlette\_exception_handler.py", line 53, in wrapped_app
    raise exc
  File "C:\Users\B1zn3\AppData\Local\pypoetry\Cache\virtualenvs\backend-s7nl4Lah-py3.13\Lib\site-packages\starlette\_exception_handler.py", line 42, in wrapped_app
    await app(scope, receive, sender)
          │   │      │        └ <function wrap_app_handling_exceptions.<locals>.wrapped_app.<locals>.sender at 0x000001FBBE7F3740>
          │   │      └ <bound method RequestResponseCycle.receive of <uvicorn.protocols.http.h11_impl.RequestResponseCycle object at 0x000001FBBE79D...
          │   └ {'type': 'http', 'asgi': {'version': '3.0', 'spec_version': '2.3'}, 'http_version': '1.1', 'server': ('127.0.0.1', 8000), 'cl...
          └ <fastapi.middleware.asyncexitstack.AsyncExitStackMiddleware object at 0x000001FBBE6906E0>
  File "C:\Users\B1zn3\AppData\Local\pypoetry\Cache\virtualenvs\backend-s7nl4Lah-py3.13\Lib\site-packages\fastapi\middleware\asyncexitstack.py", line 18, in __call__
    await self.app(scope, receive, send)
          │    │   │      │        └ <function wrap_app_handling_exceptions.<locals>.wrapped_app.<locals>.sender at 0x000001FBBE7F3740>
          │    │   │      └ <bound method RequestResponseCycle.receive of <uvicorn.protocols.http.h11_impl.RequestResponseCycle object at 0x000001FBBE79D...
          │    │   └ {'type': 'http', 'asgi': {'version': '3.0', 'spec_version': '2.3'}, 'http_version': '1.1', 'server': ('127.0.0.1', 8000), 'cl...
          │    └ <fastapi.routing.APIRouter object at 0x000001FBBE6605F0>
          └ <fastapi.middleware.asyncexitstack.AsyncExitStackMiddleware object at 0x000001FBBE6906E0>
  File "C:\Users\B1zn3\AppData\Local\pypoetry\Cache\virtualenvs\backend-s7nl4Lah-py3.13\Lib\site-packages\starlette\routing.py", line 716, in __call__
    await self.middleware_stack(scope, receive, send)
          │    │                │      │        └ <function wrap_app_handling_exceptions.<locals>.wrapped_app.<locals>.sender at 0x000001FBBE7F3740>
          │    │                │      └ <bound method RequestResponseCycle.receive of <uvicorn.protocols.http.h11_impl.RequestResponseCycle object at 0x000001FBBE79D...
          │    │                └ {'type': 'http', 'asgi': {'version': '3.0', 'spec_version': '2.3'}, 'http_version': '1.1', 'server': ('127.0.0.1', 8000), 'cl...
          │    └ <bound method Router.app of <fastapi.routing.APIRouter object at 0x000001FBBE6605F0>>
          └ <fastapi.routing.APIRouter object at 0x000001FBBE6605F0>
  File "C:\Users\B1zn3\AppData\Local\pypoetry\Cache\virtualenvs\backend-s7nl4Lah-py3.13\Lib\site-packages\starlette\routing.py", line 736, in app
    await route.handle(scope, receive, send)
          │     │      │      │        └ <function wrap_app_handling_exceptions.<locals>.wrapped_app.<locals>.sender at 0x000001FBBE7F3740>
          │     │      │      └ <bound method RequestResponseCycle.receive of <uvicorn.protocols.http.h11_impl.RequestResponseCycle object at 0x000001FBBE79D...
          │     │      └ {'type': 'http', 'asgi': {'version': '3.0', 'spec_version': '2.3'}, 'http_version': '1.1', 'server': ('127.0.0.1', 8000), 'cl...
          │     └ <function Route.handle at 0x000001FBBC01F600>
          └ APIRoute(path='/api/v1/auth/register', name='register', methods=['POST'])
  File "C:\Users\B1zn3\AppData\Local\pypoetry\Cache\virtualenvs\backend-s7nl4Lah-py3.13\Lib\site-packages\starlette\routing.py", line 290, in handle
    await self.app(scope, receive, send)
          │    │   │      │        └ <function wrap_app_handling_exceptions.<locals>.wrapped_app.<locals>.sender at 0x000001FBBE7F3740>
          │    │   │      └ <bound method RequestResponseCycle.receive of <uvicorn.protocols.http.h11_impl.RequestResponseCycle object at 0x000001FBBE79D...
          │    │   └ {'type': 'http', 'asgi': {'version': '3.0', 'spec_version': '2.3'}, 'http_version': '1.1', 'server': ('127.0.0.1', 8000), 'cl...
          │    └ <function request_response.<locals>.app at 0x000001FBBE675760>
          └ APIRoute(path='/api/v1/auth/register', name='register', methods=['POST'])
  File "C:\Users\B1zn3\AppData\Local\pypoetry\Cache\virtualenvs\backend-s7nl4Lah-py3.13\Lib\site-packages\fastapi\routing.py", line 119, in app
    await wrap_app_handling_exceptions(app, request)(scope, receive, send)
          │                            │    │        │      │        └ <function wrap_app_handling_exceptions.<locals>.wrapped_app.<locals>.sender at 0x000001FBBE7F3740>
          │                            │    │        │      └ <bound method RequestResponseCycle.receive of <uvicorn.protocols.http.h11_impl.RequestResponseCycle object at 0x000001FBBE79D...
          │                            │    │        └ {'type': 'http', 'asgi': {'version': '3.0', 'spec_version': '2.3'}, 'http_version': '1.1', 'server': ('127.0.0.1', 8000), 'cl...
          │                            │    └ <starlette.requests.Request object at 0x000001FBBE6A3570>
          │                            └ <function request_response.<locals>.app.<locals>.app at 0x000001FBBE7F3BA0>
          └ <function wrap_app_handling_exceptions at 0x000001FBBC01DE40>
  File "C:\Users\B1zn3\AppData\Local\pypoetry\Cache\virtualenvs\backend-s7nl4Lah-py3.13\Lib\site-packages\starlette\_exception_handler.py", line 53, in wrapped_app
    raise exc
  File "C:\Users\B1zn3\AppData\Local\pypoetry\Cache\virtualenvs\backend-s7nl4Lah-py3.13\Lib\site-packages\starlette\_exception_handler.py", line 42, in wrapped_app
    await app(scope, receive, sender)
          │   │      │        └ <function wrap_app_handling_exceptions.<locals>.wrapped_app.<locals>.sender at 0x000001FBBE7F3CE0>
          │   │      └ <bound method RequestResponseCycle.receive of <uvicorn.protocols.http.h11_impl.RequestResponseCycle object at 0x000001FBBE79D...
          │   └ {'type': 'http', 'asgi': {'version': '3.0', 'spec_version': '2.3'}, 'http_version': '1.1', 'server': ('127.0.0.1', 8000), 'cl...
          └ <function request_response.<locals>.app.<locals>.app at 0x000001FBBE7F3BA0>
  File "C:\Users\B1zn3\AppData\Local\pypoetry\Cache\virtualenvs\backend-s7nl4Lah-py3.13\Lib\site-packages\fastapi\routing.py", line 105, in app
    response = await f(request)
                     │ └ <starlette.requests.Request object at 0x000001FBBE6A3570>
                     └ <function get_request_handler.<locals>.app at 0x000001FBBE6756C0>
  File "C:\Users\B1zn3\AppData\Local\pypoetry\Cache\virtualenvs\backend-s7nl4Lah-py3.13\Lib\site-packages\fastapi\routing.py", line 424, in app
    raw_response = await run_endpoint_function(
                         └ <function run_endpoint_function at 0x000001FBBC03D9E0>
  File "C:\Users\B1zn3\AppData\Local\pypoetry\Cache\virtualenvs\backend-s7nl4Lah-py3.13\Lib\site-packages\fastapi\routing.py", line 312, in run_endpoint_function
    return await dependant.call(**values)
                 │         │      └ {'db': <sqlalchemy.orm.session.AsyncSession object at 0x000001FBBE7E7750>, 'user_data': UserCreate(email='12user@example.com'...
                 │         └ <function register at 0x000001FBBE1242C0>
                 └ Dependant(path_params=[], query_params=[], header_params=[], cookie_params=[], body_params=[ModelField(field_info=Body(Pydant...

  File "D:\Диплом_v2\backend\src\api\v1\auth_router.py", line 21, in register
    await service.register(db, user_data)
          │       │        │   └ UserCreate(email='12user@example.com', password='stringst', role='applicant', company_name='string')
          │       │        └ <sqlalchemy.orm.session.AsyncSession object at 0x000001FBBE7E7750>
          │       └ <function AuthService.register at 0x000001FBBE125440>
          └ <src.services.auth_service.AuthService object at 0x000001FBBE7E74D0>

  File "D:\Диплом_v2\backend\src\services\auth_service.py", line 62, in register
    user = await authcrud.create(db, user_dict)
                 │        │      │   └ {'email': '12user@example.com', 'password': '$argon2id$v=19$m=65536,t=3,p=4$TglhDIGQUqp17p2TEgIgxA$XLhlmEiEgnGSY6FkOFQkM6YoyT...
                 │        │      └ <sqlalchemy.orm.session.AsyncSession object at 0x000001FBBE7E7750>
                 │        └ <function BaseCrud.create at 0x000001FBBD741620>
                 └ <src.cruds.auth_crud.AuthCrud object at 0x000001FBBD73C590>

  File "D:\Диплом_v2\backend\src\cruds\base_crud.py", line 22, in create
    await db.flush()
          │  └ <function AsyncSession.flush at 0x000001FBBD1F0AE0>
          └ <sqlalchemy.orm.session.AsyncSession object at 0x000001FBBE7E7750>

  File "C:\Users\B1zn3\AppData\Local\pypoetry\Cache\virtualenvs\backend-s7nl4Lah-py3.13\Lib\site-packages\sqlalchemy\ext\asyncio\session.py", line 787, in flush
    await greenlet_spawn(self.sync_session.flush, objects=objects)
          │              │    │            │              └ None
          │              │    │            └ <function Session.flush at 0x000001FBBD1347C0>
          │              │    └ <sqlalchemy.orm.session.Session object at 0x000001FBBE7E7390>
          │              └ <sqlalchemy.orm.session.AsyncSession object at 0x000001FBBE7E7750>
          └ <function greenlet_spawn at 0x000001FBBC16E520>
  File "C:\Users\B1zn3\AppData\Local\pypoetry\Cache\virtualenvs\backend-s7nl4Lah-py3.13\Lib\site-packages\sqlalchemy\util\_concurrency_py3k.py", line 203, in greenlet_spawn
    result = context.switch(value)
             │       │      └ None
             │       └ <method 'switch' of 'greenlet.greenlet' objects>
             └ <_AsyncIoGreenlet object at 0x000001FBBE739880 (otid=0x000001FBBC10BDB0) dead>
  File "C:\Users\B1zn3\AppData\Local\pypoetry\Cache\virtualenvs\backend-s7nl4Lah-py3.13\Lib\site-packages\sqlalchemy\orm\session.py", line 4331, in flush
    self._flush(objects)
    │    │      └ None
    │    └ <function Session._flush at 0x000001FBBD1349A0>
    └ <sqlalchemy.orm.session.Session object at 0x000001FBBE7E7390>
  File "C:\Users\B1zn3\AppData\Local\pypoetry\Cache\virtualenvs\backend-s7nl4Lah-py3.13\Lib\site-packages\sqlalchemy\orm\session.py", line 4466, in _flush
    with util.safe_reraise():
         │    └ <class 'sqlalchemy.util.langhelpers.safe_reraise'>
         └ <module 'sqlalchemy.util' from 'C:\\Users\\B1zn3\\AppData\\Local\\pypoetry\\Cache\\virtualenvs\\backend-s7nl4Lah-py3.13\\Lib\...
  File "C:\Users\B1zn3\AppData\Local\pypoetry\Cache\virtualenvs\backend-s7nl4Lah-py3.13\Lib\site-packages\sqlalchemy\util\langhelpers.py", line 224, in __exit__
    raise exc_value.with_traceback(exc_tb)
          │         │              └ <traceback object at 0x000001FBBEB41980>
          │         └ <method 'with_traceback' of 'BaseException' objects>
          └ IntegrityError('(sqlalchemy.dialects.postgresql.asyncpg.IntegrityError) <class \'asyncpg.exceptions.UniqueViolationError\'>: ...
  File "C:\Users\B1zn3\AppData\Local\pypoetry\Cache\virtualenvs\backend-s7nl4Lah-py3.13\Lib\site-packages\sqlalchemy\orm\session.py", line 4427, in _flush
    flush_context.execute()
    │             └ <function UOWTransaction.execute at 0x000001FBBD0B4360>
    └ <sqlalchemy.orm.unitofwork.UOWTransaction object at 0x000001FBBE7E7ED0>
  File "C:\Users\B1zn3\AppData\Local\pypoetry\Cache\virtualenvs\backend-s7nl4Lah-py3.13\Lib\site-packages\sqlalchemy\orm\unitofwork.py", line 466, in execute
    rec.execute(self)
    │   │       └ <sqlalchemy.orm.unitofwork.UOWTransaction object at 0x000001FBBE7E7ED0>
    │   └ <function SaveUpdateAll.execute at 0x000001FBBD0B4EA0>
    └ SaveUpdateAll(Mapper[User(users)])
  File "C:\Users\B1zn3\AppData\Local\pypoetry\Cache\virtualenvs\backend-s7nl4Lah-py3.13\Lib\site-packages\sqlalchemy\orm\unitofwork.py", line 642, in execute
    util.preloaded.orm_persistence.save_obj(
    │    │         │               └ <function save_obj at 0x000001FBBD109080>
    │    │         └ <module 'sqlalchemy.orm.persistence' from 'C:\\Users\\B1zn3\\AppData\\Local\\pypoetry\\Cache\\virtualenvs\\backend-s7nl4Lah-p...
    │    └ <module 'sqlalchemy.util.preloaded' from 'C:\\Users\\B1zn3\\AppData\\Local\\pypoetry\\Cache\\virtualenvs\\backend-s7nl4Lah-py...
    └ <module 'sqlalchemy.util' from 'C:\\Users\\B1zn3\\AppData\\Local\\pypoetry\\Cache\\virtualenvs\\backend-s7nl4Lah-py3.13\\Lib\...
  File "C:\Users\B1zn3\AppData\Local\pypoetry\Cache\virtualenvs\backend-s7nl4Lah-py3.13\Lib\site-packages\sqlalchemy\orm\persistence.py", line 93, in save_obj
    _emit_insert_statements(
    └ <function _emit_insert_statements at 0x000001FBBD109F80>
  File "C:\Users\B1zn3\AppData\Local\pypoetry\Cache\virtualenvs\backend-s7nl4Lah-py3.13\Lib\site-packages\sqlalchemy\orm\persistence.py", line 1233, in _emit_insert_statements
    result = connection.execute(
             │          └ <function Connection.execute at 0x000001FBBCB62340>
             └ <sqlalchemy.engine.base.Connection object at 0x000001FBBE79D5B0>
  File "C:\Users\B1zn3\AppData\Local\pypoetry\Cache\virtualenvs\backend-s7nl4Lah-py3.13\Lib\site-packages\sqlalchemy\engine\base.py", line 1419, in execute
    return meth(
           └ <bound method ClauseElement._execute_on_connection of <sqlalchemy.sql.dml.Insert object at 0x000001FBBEB44050>>
  File "C:\Users\B1zn3\AppData\Local\pypoetry\Cache\virtualenvs\backend-s7nl4Lah-py3.13\Lib\site-packages\sqlalchemy\sql\elements.py", line 527, in _execute_on_connection
    return connection._execute_clauseelement(
           │          └ <function Connection._execute_clauseelement at 0x000001FBBCB62660>
           └ <sqlalchemy.engine.base.Connection object at 0x000001FBBE79D5B0>
  File "C:\Users\B1zn3\AppData\Local\pypoetry\Cache\virtualenvs\backend-s7nl4Lah-py3.13\Lib\site-packages\sqlalchemy\engine\base.py", line 1641, in _execute_clauseelement
    ret = self._execute_context(
          │    └ <function Connection._execute_context at 0x000001FBBCB62840>
          └ <sqlalchemy.engine.base.Connection object at 0x000001FBBE79D5B0>
  File "C:\Users\B1zn3\AppData\Local\pypoetry\Cache\virtualenvs\backend-s7nl4Lah-py3.13\Lib\site-packages\sqlalchemy\engine\base.py", line 1846, in _execute_context
    return self._exec_single_context(
           │    └ <function Connection._exec_single_context at 0x000001FBBCB628E0>
           └ <sqlalchemy.engine.base.Connection object at 0x000001FBBE79D5B0>
  File "C:\Users\B1zn3\AppData\Local\pypoetry\Cache\virtualenvs\backend-s7nl4Lah-py3.13\Lib\site-packages\sqlalchemy\engine\base.py", line 1986, in _exec_single_context
    self._handle_dbapi_exception(
    │    └ <function Connection._handle_dbapi_exception at 0x000001FBBCB62B60>
    └ <sqlalchemy.engine.base.Connection object at 0x000001FBBE79D5B0>
  File "C:\Users\B1zn3\AppData\Local\pypoetry\Cache\virtualenvs\backend-s7nl4Lah-py3.13\Lib\site-packages\sqlalchemy\engine\base.py", line 2363, in _handle_dbapi_exception
    raise sqlalchemy_exception.with_traceback(exc_info[2]) from e
          │                    │              │                 └ IntegrityError('<class \'asyncpg.exceptions.UniqueViolationError\'>: duplicate key value violates unique constraint "users_ro...
          │                    │              └ (<class 'sqlalchemy.dialects.postgresql.asyncpg.AsyncAdapt_asyncpg_dbapi.IntegrityError'>, IntegrityError('<class \'asyncpg.e...
          │                    └ <method 'with_traceback' of 'BaseException' objects>
          └ IntegrityError('(sqlalchemy.dialects.postgresql.asyncpg.IntegrityError) <class \'asyncpg.exceptions.UniqueViolationError\'>: ...
  File "C:\Users\B1zn3\AppData\Local\pypoetry\Cache\virtualenvs\backend-s7nl4Lah-py3.13\Lib\site-packages\sqlalchemy\engine\base.py", line 1967, in _exec_single_context
    self.dialect.do_execute(
    │    │       └ <function DefaultDialect.do_execute at 0x000001FBBCE15A80>
    │    └ <sqlalchemy.dialects.postgresql.asyncpg.PGDialect_asyncpg object at 0x000001FBBD557A10>
    └ <sqlalchemy.engine.base.Connection object at 0x000001FBBE79D5B0>
  File "C:\Users\B1zn3\AppData\Local\pypoetry\Cache\virtualenvs\backend-s7nl4Lah-py3.13\Lib\site-packages\sqlalchemy\engine\default.py", line 952, in do_execute
    cursor.execute(statement, parameters)
    │      │       │          └ (3, '12user@example.com', '$argon2id$v=19$m=65536,t=3,p=4$TglhDIGQUqp17p2TEgIgxA$XLhlmEiEgnGSY6FkOFQkM6YoyTahCBMxfqxvGm4h9rI'...
    │      │       └ 'INSERT INTO users (role_id, email, password, is_active, created_at, updated_at, company_id, applicant_id) VALUES ($1::INTEGE...
    │      └ <function AsyncAdapt_asyncpg_cursor.execute at 0x000001FBBD5FD440>
    └ <sqlalchemy.dialects.postgresql.asyncpg.AsyncAdapt_asyncpg_cursor object at 0x000001FBBE7EF580>
  File "C:\Users\B1zn3\AppData\Local\pypoetry\Cache\virtualenvs\backend-s7nl4Lah-py3.13\Lib\site-packages\sqlalchemy\dialects\postgresql\asyncpg.py", line 585, in execute
    self._adapt_connection.await_(
    │    └ <member '_adapt_connection' of 'AsyncAdapt_asyncpg_cursor' objects>
    └ <sqlalchemy.dialects.postgresql.asyncpg.AsyncAdapt_asyncpg_cursor object at 0x000001FBBE7EF580>
  File "C:\Users\B1zn3\AppData\Local\pypoetry\Cache\virtualenvs\backend-s7nl4Lah-py3.13\Lib\site-packages\sqlalchemy\util\_concurrency_py3k.py", line 132, in await_only
    return current.parent.switch(awaitable)  # type: ignore[no-any-return,attr-defined] # noqa: E501
           │       │             └ <coroutine object AsyncAdapt_asyncpg_cursor._prepare_and_execute at 0x000001FBBEA1C6D0>
           │       └ <attribute 'parent' of 'greenlet.greenlet' objects>
           └ <_AsyncIoGreenlet object at 0x000001FBBE739880 (otid=0x000001FBBC10BDB0) dead>
  File "C:\Users\B1zn3\AppData\Local\pypoetry\Cache\virtualenvs\backend-s7nl4Lah-py3.13\Lib\site-packages\sqlalchemy\util\_concurrency_py3k.py", line 196, in greenlet_spawn
    value = await result
                  └ <coroutine object AsyncAdapt_asyncpg_connection._rollback_and_discard at 0x000001FBBEB582B0>
  File "C:\Users\B1zn3\AppData\Local\pypoetry\Cache\virtualenvs\backend-s7nl4Lah-py3.13\Lib\site-packages\sqlalchemy\dialects\postgresql\asyncpg.py", line 563, in _prepare_and_execute
    self._handle_exception(error)
    │    └ <function AsyncAdapt_asyncpg_cursor._handle_exception at 0x000001FBBD5FD260>
    └ <sqlalchemy.dialects.postgresql.asyncpg.AsyncAdapt_asyncpg_cursor object at 0x000001FBBE7EF580>
  File "C:\Users\B1zn3\AppData\Local\pypoetry\Cache\virtualenvs\backend-s7nl4Lah-py3.13\Lib\site-packages\sqlalchemy\dialects\postgresql\asyncpg.py", line 513, in _handle_exception
    self._adapt_connection._handle_exception(error)
    │    │                                   └ UniqueViolationError('duplicate key value violates unique constraint "users_role_id_key"')
    │    └ <member '_adapt_connection' of 'AsyncAdapt_asyncpg_cursor' objects>
    └ <sqlalchemy.dialects.postgresql.asyncpg.AsyncAdapt_asyncpg_cursor object at 0x000001FBBE7EF580>
  File "C:\Users\B1zn3\AppData\Local\pypoetry\Cache\virtualenvs\backend-s7nl4Lah-py3.13\Lib\site-packages\sqlalchemy\dialects\postgresql\asyncpg.py", line 797, in _handle_exception
    raise translated_error from error
          │                     └ UniqueViolationError('duplicate key value violates unique constraint "users_role_id_key"')
          └ IntegrityError('<class \'asyncpg.exceptions.UniqueViolationError\'>: duplicate key value violates unique constraint "users_ro...

sqlalchemy.exc.IntegrityError: (sqlalchemy.dialects.postgresql.asyncpg.IntegrityError) <class 'asyncpg.exceptions.UniqueViolationError'>: duplicate key value violates unique constraint "users_role_id_key"
DETAIL:  Key (role_id)=(3) already exists.
[SQL: INSERT INTO users (role_id, email, password, is_active, created_at, updated_at, company_id, applicant_id) VALUES ($1::INTEGER, $2::VARCHAR, $3::VARCHAR, $4::BOOLEAN, $5::TIMESTAMP WITHOUT TIME ZONE, $6::TIMESTAMP WITHOUT TIME ZONE, $7::INTEGER, $8::INTEGER) RETURNING users.id]
[parameters: (3, '12user@example.com', '$argon2id$v=19$m=65536,t=3,p=4$TglhDIGQUqp17p2TEgIgxA$XLhlmEiEgnGSY6FkOFQkM6YoyTahCBMxfqxvGm4h9rI', True, datetime.datetime(2026, 3, 3, 19, 21, 34, 176567), datetime.datetime(2026, 3, 3, 19, 21, 34, 176570), None, 2)]
(Background on this error at: https://sqlalche.me/e/20/gkpj)
2026-03-03T22:21:34.288912+0300 | ERROR | Exception in ASGI application

Traceback (most recent call last):

  File "C:\Users\B1zn3\AppData\Local\pypoetry\Cache\virtualenvs\backend-s7nl4Lah-py3.13\Lib\site-packages\sqlalchemy\dialects\postgresql\asyncpg.py", line 550, in _prepare_and_execute
    self._rows = deque(await prepared_stmt.fetch(*parameters))
    │    │       │           │             │      └ (3, '12user@example.com', '$argon2id$v=19$m=65536,t=3,p=4$TglhDIGQUqp17p2TEgIgxA$XLhlmEiEgnGSY6FkOFQkM6YoyTahCBMxfqxvGm4h9rI'...
    │    │       │           │             └ <function PreparedStatement.fetch at 0x000001FBBD705440>
    │    │       │           └ <asyncpg.prepared_stmt.PreparedStatement object at 0x000001FBBEB0FD30>
    │    │       └ <class 'collections.deque'>
    │    └ <member '_rows' of 'AsyncAdapt_asyncpg_cursor' objects>
    └ <sqlalchemy.dialects.postgresql.asyncpg.AsyncAdapt_asyncpg_cursor object at 0x000001FBBE7EF580>
  File "C:\Users\B1zn3\AppData\Local\pypoetry\Cache\virtualenvs\backend-s7nl4Lah-py3.13\Lib\site-packages\asyncpg\prepared_stmt.py", line 177, in fetch
    data = await self.__bind_execute(args, 0, timeout)
                 │                   │        └ None
                 │                   └ (3, '12user@example.com', '$argon2id$v=19$m=65536,t=3,p=4$TglhDIGQUqp17p2TEgIgxA$XLhlmEiEgnGSY6FkOFQkM6YoyTahCBMxfqxvGm4h9rI'...
                 └ <asyncpg.prepared_stmt.PreparedStatement object at 0x000001FBBEB0FD30>
  File "C:\Users\B1zn3\AppData\Local\pypoetry\Cache\virtualenvs\backend-s7nl4Lah-py3.13\Lib\site-packages\asyncpg\prepared_stmt.py", line 268, in __bind_execute
    data, status, _ = await self.__do_execute(
                            └ <asyncpg.prepared_stmt.PreparedStatement object at 0x000001FBBEB0FD30>
  File "C:\Users\B1zn3\AppData\Local\pypoetry\Cache\virtualenvs\backend-s7nl4Lah-py3.13\Lib\site-packages\asyncpg\prepared_stmt.py", line 257, in __do_execute
    return await executor(protocol)
                 │        └ <asyncpg.protocol.protocol.Protocol object at 0x000001FBBE481390>
                 └ <function PreparedStatement.__bind_execute.<locals>.<lambda> at 0x000001FBBEA237E0>
  File "asyncpg/protocol/protocol.pyx", line 205, in bind_execute
    return await waiter

asyncpg.exceptions.UniqueViolationError: duplicate key value violates unique constraint "users_role_id_key"
DETAIL:  Key (role_id)=(3) already exists.


The above exception was the direct cause of the following exception:


Traceback (most recent call last):

  File "C:\Users\B1zn3\AppData\Local\pypoetry\Cache\virtualenvs\backend-s7nl4Lah-py3.13\Lib\site-packages\sqlalchemy\engine\base.py", line 1967, in _exec_single_context
    self.dialect.do_execute(
    │    │       └ <function DefaultDialect.do_execute at 0x000001FBBCE15A80>
    │    └ <sqlalchemy.dialects.postgresql.asyncpg.PGDialect_asyncpg object at 0x000001FBBD557A10>
    └ <sqlalchemy.engine.base.Connection object at 0x000001FBBE79D5B0>
  File "C:\Users\B1zn3\AppData\Local\pypoetry\Cache\virtualenvs\backend-s7nl4Lah-py3.13\Lib\site-packages\sqlalchemy\engine\default.py", line 952, in do_execute
    cursor.execute(statement, parameters)
    │      │       │          └ (3, '12user@example.com', '$argon2id$v=19$m=65536,t=3,p=4$TglhDIGQUqp17p2TEgIgxA$XLhlmEiEgnGSY6FkOFQkM6YoyTahCBMxfqxvGm4h9rI'...
    │      │       └ 'INSERT INTO users (role_id, email, password, is_active, created_at, updated_at, company_id, applicant_id) VALUES ($1::INTEGE...
    │      └ <function AsyncAdapt_asyncpg_cursor.execute at 0x000001FBBD5FD440>
    └ <sqlalchemy.dialects.postgresql.asyncpg.AsyncAdapt_asyncpg_cursor object at 0x000001FBBE7EF580>
  File "C:\Users\B1zn3\AppData\Local\pypoetry\Cache\virtualenvs\backend-s7nl4Lah-py3.13\Lib\site-packages\sqlalchemy\dialects\postgresql\asyncpg.py", line 585, in execute
    self._adapt_connection.await_(
    │    └ <member '_adapt_connection' of 'AsyncAdapt_asyncpg_cursor' objects>
    └ <sqlalchemy.dialects.postgresql.asyncpg.AsyncAdapt_asyncpg_cursor object at 0x000001FBBE7EF580>
  File "C:\Users\B1zn3\AppData\Local\pypoetry\Cache\virtualenvs\backend-s7nl4Lah-py3.13\Lib\site-packages\sqlalchemy\util\_concurrency_py3k.py", line 132, in await_only
    return current.parent.switch(awaitable)  # type: ignore[no-any-return,attr-defined] # noqa: E501
           │       │             └ <coroutine object AsyncAdapt_asyncpg_cursor._prepare_and_execute at 0x000001FBBEA1C6D0>
           │       └ <attribute 'parent' of 'greenlet.greenlet' objects>
           └ <_AsyncIoGreenlet object at 0x000001FBBE739880 (otid=0x000001FBBC10BDB0) dead>
  File "C:\Users\B1zn3\AppData\Local\pypoetry\Cache\virtualenvs\backend-s7nl4Lah-py3.13\Lib\site-packages\sqlalchemy\util\_concurrency_py3k.py", line 196, in greenlet_spawn
    value = await result
                  └ <coroutine object AsyncAdapt_asyncpg_connection._rollback_and_discard at 0x000001FBBEB582B0>
  File "C:\Users\B1zn3\AppData\Local\pypoetry\Cache\virtualenvs\backend-s7nl4Lah-py3.13\Lib\site-packages\sqlalchemy\dialects\postgresql\asyncpg.py", line 563, in _prepare_and_execute
    self._handle_exception(error)
    │    └ <function AsyncAdapt_asyncpg_cursor._handle_exception at 0x000001FBBD5FD260>
    └ <sqlalchemy.dialects.postgresql.asyncpg.AsyncAdapt_asyncpg_cursor object at 0x000001FBBE7EF580>
  File "C:\Users\B1zn3\AppData\Local\pypoetry\Cache\virtualenvs\backend-s7nl4Lah-py3.13\Lib\site-packages\sqlalchemy\dialects\postgresql\asyncpg.py", line 513, in _handle_exception
    self._adapt_connection._handle_exception(error)
    │    │                                   └ UniqueViolationError('duplicate key value violates unique constraint "users_role_id_key"')
    │    └ <member '_adapt_connection' of 'AsyncAdapt_asyncpg_cursor' objects>
    └ <sqlalchemy.dialects.postgresql.asyncpg.AsyncAdapt_asyncpg_cursor object at 0x000001FBBE7EF580>
  File "C:\Users\B1zn3\AppData\Local\pypoetry\Cache\virtualenvs\backend-s7nl4Lah-py3.13\Lib\site-packages\sqlalchemy\dialects\postgresql\asyncpg.py", line 797, in _handle_exception
    raise translated_error from error
          │                     └ UniqueViolationError('duplicate key value violates unique constraint "users_role_id_key"')
          └ IntegrityError('<class \'asyncpg.exceptions.UniqueViolationError\'>: duplicate key value violates unique constraint "users_ro...

sqlalchemy.dialects.postgresql.asyncpg.AsyncAdapt_asyncpg_dbapi.IntegrityError: <class 'asyncpg.exceptions.UniqueViolationError'>: duplicate key value violates unique constraint "users_role_id_key"
DETAIL:  Key (role_id)=(3) already exists.


The above exception was the direct cause of the following exception:


Traceback (most recent call last):

  File "<string>", line 1, in <module>
  File "C:\Program Files\WindowsApps\PythonSoftwareFoundation.Python.3.13_3.13.3312.0_x64__qbz5n2kfra8p0\Lib\multiprocessing\spawn.py", line 122, in spawn_main
    exitcode = _main(fd, parent_sentinel)
               │     │   └ 572
               │     └ 3
               └ <function _main at 0x000001FBB97772E0>
  File "C:\Program Files\WindowsApps\PythonSoftwareFoundation.Python.3.13_3.13.3312.0_x64__qbz5n2kfra8p0\Lib\multiprocessing\spawn.py", line 135, in _main
    return self._bootstrap(parent_sentinel)
           │    │          └ 572
           │    └ <function BaseProcess._bootstrap at 0x000001FBB9683240>
           └ <SpawnProcess name='SpawnProcess-2' parent=15944 started>
  File "C:\Program Files\WindowsApps\PythonSoftwareFoundation.Python.3.13_3.13.3312.0_x64__qbz5n2kfra8p0\Lib\multiprocessing\process.py", line 313, in _bootstrap
    self.run()
    │    └ <function BaseProcess.run at 0x000001FBB96827A0>
    └ <SpawnProcess name='SpawnProcess-2' parent=15944 started>
  File "C:\Program Files\WindowsApps\PythonSoftwareFoundation.Python.3.13_3.13.3312.0_x64__qbz5n2kfra8p0\Lib\multiprocessing\process.py", line 108, in run
    self._target(*self._args, **self._kwargs)
    │    │        │    │        │    └ {'config': <uvicorn.config.Config object at 0x000001FBBA04B230>, 'target': <bound method Server.run of <uvicorn.server.Server...
    │    │        │    │        └ <SpawnProcess name='SpawnProcess-2' parent=15944 started>
    │    │        │    └ ()
    │    │        └ <SpawnProcess name='SpawnProcess-2' parent=15944 started>
    │    └ <function subprocess_started at 0x000001FBBA128D60>
    └ <SpawnProcess name='SpawnProcess-2' parent=15944 started>
  File "C:\Users\B1zn3\AppData\Local\pypoetry\Cache\virtualenvs\backend-s7nl4Lah-py3.13\Lib\site-packages\uvicorn\_subprocess.py", line 80, in subprocess_started
    target(sockets=sockets)
    │              └ [<socket.socket fd=636, family=2, type=1, proto=6, laddr=('127.0.0.1', 8000)>]
    └ <bound method Server.run of <uvicorn.server.Server object at 0x000001FBBA04B380>>
  File "C:\Users\B1zn3\AppData\Local\pypoetry\Cache\virtualenvs\backend-s7nl4Lah-py3.13\Lib\site-packages\uvicorn\server.py", line 75, in run
    return asyncio_run(self.serve(sockets=sockets), loop_factory=self.config.get_loop_factory())
           │           │    │             │                      │    │      └ <function Config.get_loop_factory at 0x000001FBBA0E4EA0>
           │           │    │             │                      │    └ <uvicorn.config.Config object at 0x000001FBBA04B230>
           │           │    │             │                      └ <uvicorn.server.Server object at 0x000001FBBA04B380>
           │           │    │             └ [<socket.socket fd=636, family=2, type=1, proto=6, laddr=('127.0.0.1', 8000)>]
           │           │    └ <function Server.serve at 0x000001FBBA123EC0>
           │           └ <uvicorn.server.Server object at 0x000001FBBA04B380>
           └ <function run at 0x000001FBB9B709A0>
  File "C:\Program Files\WindowsApps\PythonSoftwareFoundation.Python.3.13_3.13.3312.0_x64__qbz5n2kfra8p0\Lib\asyncio\runners.py", line 195, in run
    return runner.run(main)
           │      │   └ <coroutine object Server.serve at 0x000001FBB9316960>
           │      └ <function Runner.run at 0x000001FBB9C254E0>
           └ <asyncio.runners.Runner object at 0x000001FBBA174050>
  File "C:\Program Files\WindowsApps\PythonSoftwareFoundation.Python.3.13_3.13.3312.0_x64__qbz5n2kfra8p0\Lib\asyncio\runners.py", line 118, in run
    return self._loop.run_until_complete(task)
           │    │     │                  └ <Task pending name='Task-1' coro=<Server.serve() running at C:\Users\B1zn3\AppData\Local\pypoetry\Cache\virtualenvs\backend-s...
           │    │     └ <function BaseEventLoop.run_until_complete at 0x000001FBB9C22FC0>
           │    └ <_WindowsSelectorEventLoop running=True closed=False debug=False>
           └ <asyncio.runners.Runner object at 0x000001FBBA174050>
  File "C:\Program Files\WindowsApps\PythonSoftwareFoundation.Python.3.13_3.13.3312.0_x64__qbz5n2kfra8p0\Lib\asyncio\base_events.py", line 712, in run_until_complete
    self.run_forever()
    │    └ <function BaseEventLoop.run_forever at 0x000001FBB9C22F20>
    └ <_WindowsSelectorEventLoop running=True closed=False debug=False>
  File "C:\Program Files\WindowsApps\PythonSoftwareFoundation.Python.3.13_3.13.3312.0_x64__qbz5n2kfra8p0\Lib\asyncio\base_events.py", line 683, in run_forever
    self._run_once()
    │    └ <function BaseEventLoop._run_once at 0x000001FBB9C24D60>
    └ <_WindowsSelectorEventLoop running=True closed=False debug=False>
  File "C:\Program Files\WindowsApps\PythonSoftwareFoundation.Python.3.13_3.13.3312.0_x64__qbz5n2kfra8p0\Lib\asyncio\base_events.py", line 2050, in _run_once
    handle._run()
    │      └ <function Handle._run at 0x000001FBB9B6C040>
    └ <Handle Task.task_wakeup()>
  File "C:\Program Files\WindowsApps\PythonSoftwareFoundation.Python.3.13_3.13.3312.0_x64__qbz5n2kfra8p0\Lib\asyncio\events.py", line 89, in _run
    self._context.run(self._callback, *self._args)
    │    │            │    │           │    └ <member '_args' of 'Handle' objects>
    │    │            │    │           └ <Handle Task.task_wakeup()>
    │    │            │    └ <member '_callback' of 'Handle' objects>
    │    │            └ <Handle Task.task_wakeup()>
    │    └ <member '_context' of 'Handle' objects>
    └ <Handle Task.task_wakeup()>
> File "C:\Users\B1zn3\AppData\Local\pypoetry\Cache\virtualenvs\backend-s7nl4Lah-py3.13\Lib\site-packages\uvicorn\protocols\http\h11_impl.py", line 410, in run_asgi
    result = await app(  # type: ignore[func-returns-value]
                   └ <uvicorn.middleware.proxy_headers.ProxyHeadersMiddleware object at 0x000001FBBE453E00>
  File "C:\Users\B1zn3\AppData\Local\pypoetry\Cache\virtualenvs\backend-s7nl4Lah-py3.13\Lib\site-packages\uvicorn\middleware\proxy_headers.py", line 60, in __call__
    return await self.app(scope, receive, send)
                 │    │   │      │        └ <bound method RequestResponseCycle.send of <uvicorn.protocols.http.h11_impl.RequestResponseCycle object at 0x000001FBBE79D6E0>>
                 │    │   │      └ <bound method RequestResponseCycle.receive of <uvicorn.protocols.http.h11_impl.RequestResponseCycle object at 0x000001FBBE79D...
                 │    │   └ {'type': 'http', 'asgi': {'version': '3.0', 'spec_version': '2.3'}, 'http_version': '1.1', 'server': ('127.0.0.1', 8000), 'cl...
                 │    └ <fastapi.applications.FastAPI object at 0x000001FBBE453A10>
                 └ <uvicorn.middleware.proxy_headers.ProxyHeadersMiddleware object at 0x000001FBBE453E00>
  File "C:\Users\B1zn3\AppData\Local\pypoetry\Cache\virtualenvs\backend-s7nl4Lah-py3.13\Lib\site-packages\fastapi\applications.py", line 1134, in __call__
    await super().__call__(scope, receive, send)
                           │      │        └ <bound method RequestResponseCycle.send of <uvicorn.protocols.http.h11_impl.RequestResponseCycle object at 0x000001FBBE79D6E0>>
                           │      └ <bound method RequestResponseCycle.receive of <uvicorn.protocols.http.h11_impl.RequestResponseCycle object at 0x000001FBBE79D...
                           └ {'type': 'http', 'asgi': {'version': '3.0', 'spec_version': '2.3'}, 'http_version': '1.1', 'server': ('127.0.0.1', 8000), 'cl...
  File "C:\Users\B1zn3\AppData\Local\pypoetry\Cache\virtualenvs\backend-s7nl4Lah-py3.13\Lib\site-packages\starlette\applications.py", line 107, in __call__
    await self.middleware_stack(scope, receive, send)
          │    │                │      │        └ <bound method RequestResponseCycle.send of <uvicorn.protocols.http.h11_impl.RequestResponseCycle object at 0x000001FBBE79D6E0>>
          │    │                │      └ <bound method RequestResponseCycle.receive of <uvicorn.protocols.http.h11_impl.RequestResponseCycle object at 0x000001FBBE79D...
          │    │                └ {'type': 'http', 'asgi': {'version': '3.0', 'spec_version': '2.3'}, 'http_version': '1.1', 'server': ('127.0.0.1', 8000), 'cl...
          │    └ <starlette.middleware.errors.ServerErrorMiddleware object at 0x000001FBBE690980>
          └ <fastapi.applications.FastAPI object at 0x000001FBBE453A10>
  File "C:\Users\B1zn3\AppData\Local\pypoetry\Cache\virtualenvs\backend-s7nl4Lah-py3.13\Lib\site-packages\starlette\middleware\errors.py", line 186, in __call__
    raise exc
  File "C:\Users\B1zn3\AppData\Local\pypoetry\Cache\virtualenvs\backend-s7nl4Lah-py3.13\Lib\site-packages\starlette\middleware\errors.py", line 164, in __call__
    await self.app(scope, receive, _send)
          │    │   │      │        └ <function ServerErrorMiddleware.__call__.<locals>._send at 0x000001FBBE677600>
          │    │   │      └ <bound method RequestResponseCycle.receive of <uvicorn.protocols.http.h11_impl.RequestResponseCycle object at 0x000001FBBE79D...
          │    │   └ {'type': 'http', 'asgi': {'version': '3.0', 'spec_version': '2.3'}, 'http_version': '1.1', 'server': ('127.0.0.1', 8000), 'cl...
          │    └ <starlette.middleware.exceptions.ExceptionMiddleware object at 0x000001FBBE690830>
          └ <starlette.middleware.errors.ServerErrorMiddleware object at 0x000001FBBE690980>
  File "C:\Users\B1zn3\AppData\Local\pypoetry\Cache\virtualenvs\backend-s7nl4Lah-py3.13\Lib\site-packages\starlette\middleware\exceptions.py", line 63, in __call__
    await wrap_app_handling_exceptions(self.app, conn)(scope, receive, send)
          │                            │    │    │     │      │        └ <function ServerErrorMiddleware.__call__.<locals>._send at 0x000001FBBE677600>
          │                            │    │    │     │      └ <bound method RequestResponseCycle.receive of <uvicorn.protocols.http.h11_impl.RequestResponseCycle object at 0x000001FBBE79D...
          │                            │    │    │     └ {'type': 'http', 'asgi': {'version': '3.0', 'spec_version': '2.3'}, 'http_version': '1.1', 'server': ('127.0.0.1', 8000), 'cl...
          │                            │    │    └ <starlette.requests.Request object at 0x000001FBBE6A39B0>
          │                            │    └ <fastapi.middleware.asyncexitstack.AsyncExitStackMiddleware object at 0x000001FBBE6906E0>
          │                            └ <starlette.middleware.exceptions.ExceptionMiddleware object at 0x000001FBBE690830>
          └ <function wrap_app_handling_exceptions at 0x000001FBBC01DE40>
  File "C:\Users\B1zn3\AppData\Local\pypoetry\Cache\virtualenvs\backend-s7nl4Lah-py3.13\Lib\site-packages\starlette\_exception_handler.py", line 53, in wrapped_app
    raise exc
  File "C:\Users\B1zn3\AppData\Local\pypoetry\Cache\virtualenvs\backend-s7nl4Lah-py3.13\Lib\site-packages\starlette\_exception_handler.py", line 42, in wrapped_app
    await app(scope, receive, sender)
          │   │      │        └ <function wrap_app_handling_exceptions.<locals>.wrapped_app.<locals>.sender at 0x000001FBBE7F3740>
          │   │      └ <bound method RequestResponseCycle.receive of <uvicorn.protocols.http.h11_impl.RequestResponseCycle object at 0x000001FBBE79D...
          │   └ {'type': 'http', 'asgi': {'version': '3.0', 'spec_version': '2.3'}, 'http_version': '1.1', 'server': ('127.0.0.1', 8000), 'cl...
          └ <fastapi.middleware.asyncexitstack.AsyncExitStackMiddleware object at 0x000001FBBE6906E0>
  File "C:\Users\B1zn3\AppData\Local\pypoetry\Cache\virtualenvs\backend-s7nl4Lah-py3.13\Lib\site-packages\fastapi\middleware\asyncexitstack.py", line 18, in __call__
    await self.app(scope, receive, send)
          │    │   │      │        └ <function wrap_app_handling_exceptions.<locals>.wrapped_app.<locals>.sender at 0x000001FBBE7F3740>
          │    │   │      └ <bound method RequestResponseCycle.receive of <uvicorn.protocols.http.h11_impl.RequestResponseCycle object at 0x000001FBBE79D...
          │    │   └ {'type': 'http', 'asgi': {'version': '3.0', 'spec_version': '2.3'}, 'http_version': '1.1', 'server': ('127.0.0.1', 8000), 'cl...
          │    └ <fastapi.routing.APIRouter object at 0x000001FBBE6605F0>
          └ <fastapi.middleware.asyncexitstack.AsyncExitStackMiddleware object at 0x000001FBBE6906E0>
  File "C:\Users\B1zn3\AppData\Local\pypoetry\Cache\virtualenvs\backend-s7nl4Lah-py3.13\Lib\site-packages\starlette\routing.py", line 716, in __call__
    await self.middleware_stack(scope, receive, send)
          │    │                │      │        └ <function wrap_app_handling_exceptions.<locals>.wrapped_app.<locals>.sender at 0x000001FBBE7F3740>
          │    │                │      └ <bound method RequestResponseCycle.receive of <uvicorn.protocols.http.h11_impl.RequestResponseCycle object at 0x000001FBBE79D...
          │    │                └ {'type': 'http', 'asgi': {'version': '3.0', 'spec_version': '2.3'}, 'http_version': '1.1', 'server': ('127.0.0.1', 8000), 'cl...
          │    └ <bound method Router.app of <fastapi.routing.APIRouter object at 0x000001FBBE6605F0>>
          └ <fastapi.routing.APIRouter object at 0x000001FBBE6605F0>
  File "C:\Users\B1zn3\AppData\Local\pypoetry\Cache\virtualenvs\backend-s7nl4Lah-py3.13\Lib\site-packages\starlette\routing.py", line 736, in app
    await route.handle(scope, receive, send)
          │     │      │      │        └ <function wrap_app_handling_exceptions.<locals>.wrapped_app.<locals>.sender at 0x000001FBBE7F3740>
          │     │      │      └ <bound method RequestResponseCycle.receive of <uvicorn.protocols.http.h11_impl.RequestResponseCycle object at 0x000001FBBE79D...
          │     │      └ {'type': 'http', 'asgi': {'version': '3.0', 'spec_version': '2.3'}, 'http_version': '1.1', 'server': ('127.0.0.1', 8000), 'cl...
          │     └ <function Route.handle at 0x000001FBBC01F600>
          └ APIRoute(path='/api/v1/auth/register', name='register', methods=['POST'])
  File "C:\Users\B1zn3\AppData\Local\pypoetry\Cache\virtualenvs\backend-s7nl4Lah-py3.13\Lib\site-packages\starlette\routing.py", line 290, in handle
    await self.app(scope, receive, send)
          │    │   │      │        └ <function wrap_app_handling_exceptions.<locals>.wrapped_app.<locals>.sender at 0x000001FBBE7F3740>
          │    │   │      └ <bound method RequestResponseCycle.receive of <uvicorn.protocols.http.h11_impl.RequestResponseCycle object at 0x000001FBBE79D...
          │    │   └ {'type': 'http', 'asgi': {'version': '3.0', 'spec_version': '2.3'}, 'http_version': '1.1', 'server': ('127.0.0.1', 8000), 'cl...
          │    └ <function request_response.<locals>.app at 0x000001FBBE675760>
          └ APIRoute(path='/api/v1/auth/register', name='register', methods=['POST'])
  File "C:\Users\B1zn3\AppData\Local\pypoetry\Cache\virtualenvs\backend-s7nl4Lah-py3.13\Lib\site-packages\fastapi\routing.py", line 119, in app
    await wrap_app_handling_exceptions(app, request)(scope, receive, send)
          │                            │    │        │      │        └ <function wrap_app_handling_exceptions.<locals>.wrapped_app.<locals>.sender at 0x000001FBBE7F3740>
          │                            │    │        │      └ <bound method RequestResponseCycle.receive of <uvicorn.protocols.http.h11_impl.RequestResponseCycle object at 0x000001FBBE79D...
          │                            │    │        └ {'type': 'http', 'asgi': {'version': '3.0', 'spec_version': '2.3'}, 'http_version': '1.1', 'server': ('127.0.0.1', 8000), 'cl...
          │                            │    └ <starlette.requests.Request object at 0x000001FBBE6A3570>
          │                            └ <function request_response.<locals>.app.<locals>.app at 0x000001FBBE7F3BA0>
          └ <function wrap_app_handling_exceptions at 0x000001FBBC01DE40>
  File "C:\Users\B1zn3\AppData\Local\pypoetry\Cache\virtualenvs\backend-s7nl4Lah-py3.13\Lib\site-packages\starlette\_exception_handler.py", line 53, in wrapped_app
    raise exc
  File "C:\Users\B1zn3\AppData\Local\pypoetry\Cache\virtualenvs\backend-s7nl4Lah-py3.13\Lib\site-packages\starlette\_exception_handler.py", line 42, in wrapped_app
    await app(scope, receive, sender)
          │   │      │        └ <function wrap_app_handling_exceptions.<locals>.wrapped_app.<locals>.sender at 0x000001FBBE7F3CE0>
          │   │      └ <bound method RequestResponseCycle.receive of <uvicorn.protocols.http.h11_impl.RequestResponseCycle object at 0x000001FBBE79D...
          │   └ {'type': 'http', 'asgi': {'version': '3.0', 'spec_version': '2.3'}, 'http_version': '1.1', 'server': ('127.0.0.1', 8000), 'cl...
          └ <function request_response.<locals>.app.<locals>.app at 0x000001FBBE7F3BA0>
  File "C:\Users\B1zn3\AppData\Local\pypoetry\Cache\virtualenvs\backend-s7nl4Lah-py3.13\Lib\site-packages\fastapi\routing.py", line 105, in app
    response = await f(request)
                     │ └ <starlette.requests.Request object at 0x000001FBBE6A3570>
                     └ <function get_request_handler.<locals>.app at 0x000001FBBE6756C0>
  File "C:\Users\B1zn3\AppData\Local\pypoetry\Cache\virtualenvs\backend-s7nl4Lah-py3.13\Lib\site-packages\fastapi\routing.py", line 424, in app
    raw_response = await run_endpoint_function(
                         └ <function run_endpoint_function at 0x000001FBBC03D9E0>
  File "C:\Users\B1zn3\AppData\Local\pypoetry\Cache\virtualenvs\backend-s7nl4Lah-py3.13\Lib\site-packages\fastapi\routing.py", line 312, in run_endpoint_function
    return await dependant.call(**values)
                 │         │      └ {'db': <sqlalchemy.orm.session.AsyncSession object at 0x000001FBBE7E7750>, 'user_data': UserCreate(email='12user@example.com'...
                 │         └ <function register at 0x000001FBBE1242C0>
                 └ Dependant(path_params=[], query_params=[], header_params=[], cookie_params=[], body_params=[ModelField(field_info=Body(Pydant...

  File "D:\Диплом_v2\backend\src\api\v1\auth_router.py", line 21, in register
    await service.register(db, user_data)
          │       │        │   └ UserCreate(email='12user@example.com', password='stringst', role='applicant', company_name='string')
          │       │        └ <sqlalchemy.orm.session.AsyncSession object at 0x000001FBBE7E7750>
          │       └ <function AuthService.register at 0x000001FBBE125440>
          └ <src.services.auth_service.AuthService object at 0x000001FBBE7E74D0>

  File "D:\Диплом_v2\backend\src\services\auth_service.py", line 62, in register
    user = await authcrud.create(db, user_dict)
                 │        │      │   └ {'email': '12user@example.com', 'password': '$argon2id$v=19$m=65536,t=3,p=4$TglhDIGQUqp17p2TEgIgxA$XLhlmEiEgnGSY6FkOFQkM6YoyT...
                 │        │      └ <sqlalchemy.orm.session.AsyncSession object at 0x000001FBBE7E7750>
                 │        └ <function BaseCrud.create at 0x000001FBBD741620>
                 └ <src.cruds.auth_crud.AuthCrud object at 0x000001FBBD73C590>

  File "D:\Диплом_v2\backend\src\cruds\base_crud.py", line 22, in create
    await db.flush()
          │  └ <function AsyncSession.flush at 0x000001FBBD1F0AE0>
          └ <sqlalchemy.orm.session.AsyncSession object at 0x000001FBBE7E7750>

  File "C:\Users\B1zn3\AppData\Local\pypoetry\Cache\virtualenvs\backend-s7nl4Lah-py3.13\Lib\site-packages\sqlalchemy\ext\asyncio\session.py", line 787, in flush
    await greenlet_spawn(self.sync_session.flush, objects=objects)
          │              │    │            │              └ None
          │              │    │            └ <function Session.flush at 0x000001FBBD1347C0>
          │              │    └ <sqlalchemy.orm.session.Session object at 0x000001FBBE7E7390>
          │              └ <sqlalchemy.orm.session.AsyncSession object at 0x000001FBBE7E7750>
          └ <function greenlet_spawn at 0x000001FBBC16E520>
  File "C:\Users\B1zn3\AppData\Local\pypoetry\Cache\virtualenvs\backend-s7nl4Lah-py3.13\Lib\site-packages\sqlalchemy\util\_concurrency_py3k.py", line 203, in greenlet_spawn
    result = context.switch(value)
             │       │      └ None
             │       └ <method 'switch' of 'greenlet.greenlet' objects>
             └ <_AsyncIoGreenlet object at 0x000001FBBE739880 (otid=0x000001FBBC10BDB0) dead>
  File "C:\Users\B1zn3\AppData\Local\pypoetry\Cache\virtualenvs\backend-s7nl4Lah-py3.13\Lib\site-packages\sqlalchemy\orm\session.py", line 4331, in flush
    self._flush(objects)
    │    │      └ None
    │    └ <function Session._flush at 0x000001FBBD1349A0>
    └ <sqlalchemy.orm.session.Session object at 0x000001FBBE7E7390>
  File "C:\Users\B1zn3\AppData\Local\pypoetry\Cache\virtualenvs\backend-s7nl4Lah-py3.13\Lib\site-packages\sqlalchemy\orm\session.py", line 4466, in _flush
    with util.safe_reraise():
         │    └ <class 'sqlalchemy.util.langhelpers.safe_reraise'>
         └ <module 'sqlalchemy.util' from 'C:\\Users\\B1zn3\\AppData\\Local\\pypoetry\\Cache\\virtualenvs\\backend-s7nl4Lah-py3.13\\Lib\...
  File "C:\Users\B1zn3\AppData\Local\pypoetry\Cache\virtualenvs\backend-s7nl4Lah-py3.13\Lib\site-packages\sqlalchemy\util\langhelpers.py", line 224, in __exit__
    raise exc_value.with_traceback(exc_tb)
          │         │              └ <traceback object at 0x000001FBBEB41980>
          │         └ <method 'with_traceback' of 'BaseException' objects>
          └ IntegrityError('(sqlalchemy.dialects.postgresql.asyncpg.IntegrityError) <class \'asyncpg.exceptions.UniqueViolationError\'>: ...
  File "C:\Users\B1zn3\AppData\Local\pypoetry\Cache\virtualenvs\backend-s7nl4Lah-py3.13\Lib\site-packages\sqlalchemy\orm\session.py", line 4427, in _flush
    flush_context.execute()
    │             └ <function UOWTransaction.execute at 0x000001FBBD0B4360>
    └ <sqlalchemy.orm.unitofwork.UOWTransaction object at 0x000001FBBE7E7ED0>
  File "C:\Users\B1zn3\AppData\Local\pypoetry\Cache\virtualenvs\backend-s7nl4Lah-py3.13\Lib\site-packages\sqlalchemy\orm\unitofwork.py", line 466, in execute
    rec.execute(self)
    │   │       └ <sqlalchemy.orm.unitofwork.UOWTransaction object at 0x000001FBBE7E7ED0>
    │   └ <function SaveUpdateAll.execute at 0x000001FBBD0B4EA0>
    └ SaveUpdateAll(Mapper[User(users)])
  File "C:\Users\B1zn3\AppData\Local\pypoetry\Cache\virtualenvs\backend-s7nl4Lah-py3.13\Lib\site-packages\sqlalchemy\orm\unitofwork.py", line 642, in execute
    util.preloaded.orm_persistence.save_obj(
    │    │         │               └ <function save_obj at 0x000001FBBD109080>
    │    │         └ <module 'sqlalchemy.orm.persistence' from 'C:\\Users\\B1zn3\\AppData\\Local\\pypoetry\\Cache\\virtualenvs\\backend-s7nl4Lah-p...
    │    └ <module 'sqlalchemy.util.preloaded' from 'C:\\Users\\B1zn3\\AppData\\Local\\pypoetry\\Cache\\virtualenvs\\backend-s7nl4Lah-py...
    └ <module 'sqlalchemy.util' from 'C:\\Users\\B1zn3\\AppData\\Local\\pypoetry\\Cache\\virtualenvs\\backend-s7nl4Lah-py3.13\\Lib\...
  File "C:\Users\B1zn3\AppData\Local\pypoetry\Cache\virtualenvs\backend-s7nl4Lah-py3.13\Lib\site-packages\sqlalchemy\orm\persistence.py", line 93, in save_obj
    _emit_insert_statements(
    └ <function _emit_insert_statements at 0x000001FBBD109F80>
  File "C:\Users\B1zn3\AppData\Local\pypoetry\Cache\virtualenvs\backend-s7nl4Lah-py3.13\Lib\site-packages\sqlalchemy\orm\persistence.py", line 1233, in _emit_insert_statements
    result = connection.execute(
             │          └ <function Connection.execute at 0x000001FBBCB62340>
             └ <sqlalchemy.engine.base.Connection object at 0x000001FBBE79D5B0>
  File "C:\Users\B1zn3\AppData\Local\pypoetry\Cache\virtualenvs\backend-s7nl4Lah-py3.13\Lib\site-packages\sqlalchemy\engine\base.py", line 1419, in execute
    return meth(
           └ <bound method ClauseElement._execute_on_connection of <sqlalchemy.sql.dml.Insert object at 0x000001FBBEB44050>>
  File "C:\Users\B1zn3\AppData\Local\pypoetry\Cache\virtualenvs\backend-s7nl4Lah-py3.13\Lib\site-packages\sqlalchemy\sql\elements.py", line 527, in _execute_on_connection
    return connection._execute_clauseelement(
           │          └ <function Connection._execute_clauseelement at 0x000001FBBCB62660>
           └ <sqlalchemy.engine.base.Connection object at 0x000001FBBE79D5B0>
  File "C:\Users\B1zn3\AppData\Local\pypoetry\Cache\virtualenvs\backend-s7nl4Lah-py3.13\Lib\site-packages\sqlalchemy\engine\base.py", line 1641, in _execute_clauseelement
    ret = self._execute_context(
          │    └ <function Connection._execute_context at 0x000001FBBCB62840>
          └ <sqlalchemy.engine.base.Connection object at 0x000001FBBE79D5B0>
  File "C:\Users\B1zn3\AppData\Local\pypoetry\Cache\virtualenvs\backend-s7nl4Lah-py3.13\Lib\site-packages\sqlalchemy\engine\base.py", line 1846, in _execute_context
    return self._exec_single_context(
           │    └ <function Connection._exec_single_context at 0x000001FBBCB628E0>
           └ <sqlalchemy.engine.base.Connection object at 0x000001FBBE79D5B0>
  File "C:\Users\B1zn3\AppData\Local\pypoetry\Cache\virtualenvs\backend-s7nl4Lah-py3.13\Lib\site-packages\sqlalchemy\engine\base.py", line 1986, in _exec_single_context
    self._handle_dbapi_exception(
    │    └ <function Connection._handle_dbapi_exception at 0x000001FBBCB62B60>
    └ <sqlalchemy.engine.base.Connection object at 0x000001FBBE79D5B0>
  File "C:\Users\B1zn3\AppData\Local\pypoetry\Cache\virtualenvs\backend-s7nl4Lah-py3.13\Lib\site-packages\sqlalchemy\engine\base.py", line 2363, in _handle_dbapi_exception
    raise sqlalchemy_exception.with_traceback(exc_info[2]) from e
          │                    │              │                 └ IntegrityError('<class \'asyncpg.exceptions.UniqueViolationError\'>: duplicate key value violates unique constraint "users_ro...
          │                    │              └ (<class 'sqlalchemy.dialects.postgresql.asyncpg.AsyncAdapt_asyncpg_dbapi.IntegrityError'>, IntegrityError('<class \'asyncpg.e...
          │                    └ <method 'with_traceback' of 'BaseException' objects>
          └ IntegrityError('(sqlalchemy.dialects.postgresql.asyncpg.IntegrityError) <class \'asyncpg.exceptions.UniqueViolationError\'>: ...
  File "C:\Users\B1zn3\AppData\Local\pypoetry\Cache\virtualenvs\backend-s7nl4Lah-py3.13\Lib\site-packages\sqlalchemy\engine\base.py", line 1967, in _exec_single_context
    self.dialect.do_execute(
    │    │       └ <function DefaultDialect.do_execute at 0x000001FBBCE15A80>
    │    └ <sqlalchemy.dialects.postgresql.asyncpg.PGDialect_asyncpg object at 0x000001FBBD557A10>
    └ <sqlalchemy.engine.base.Connection object at 0x000001FBBE79D5B0>
  File "C:\Users\B1zn3\AppData\Local\pypoetry\Cache\virtualenvs\backend-s7nl4Lah-py3.13\Lib\site-packages\sqlalchemy\engine\default.py", line 952, in do_execute
    cursor.execute(statement, parameters)
    │      │       │          └ (3, '12user@example.com', '$argon2id$v=19$m=65536,t=3,p=4$TglhDIGQUqp17p2TEgIgxA$XLhlmEiEgnGSY6FkOFQkM6YoyTahCBMxfqxvGm4h9rI'...
    │      │       └ 'INSERT INTO users (role_id, email, password, is_active, created_at, updated_at, company_id, applicant_id) VALUES ($1::INTEGE...
    │      └ <function AsyncAdapt_asyncpg_cursor.execute at 0x000001FBBD5FD440>
    └ <sqlalchemy.dialects.postgresql.asyncpg.AsyncAdapt_asyncpg_cursor object at 0x000001FBBE7EF580>
  File "C:\Users\B1zn3\AppData\Local\pypoetry\Cache\virtualenvs\backend-s7nl4Lah-py3.13\Lib\site-packages\sqlalchemy\dialects\postgresql\asyncpg.py", line 585, in execute
    self._adapt_connection.await_(
    │    └ <member '_adapt_connection' of 'AsyncAdapt_asyncpg_cursor' objects>
    └ <sqlalchemy.dialects.postgresql.asyncpg.AsyncAdapt_asyncpg_cursor object at 0x000001FBBE7EF580>
  File "C:\Users\B1zn3\AppData\Local\pypoetry\Cache\virtualenvs\backend-s7nl4Lah-py3.13\Lib\site-packages\sqlalchemy\util\_concurrency_py3k.py", line 132, in await_only
    return current.parent.switch(awaitable)  # type: ignore[no-any-return,attr-defined] # noqa: E501
           │       │             └ <coroutine object AsyncAdapt_asyncpg_cursor._prepare_and_execute at 0x000001FBBEA1C6D0>
           │       └ <attribute 'parent' of 'greenlet.greenlet' objects>
           └ <_AsyncIoGreenlet object at 0x000001FBBE739880 (otid=0x000001FBBC10BDB0) dead>
  File "C:\Users\B1zn3\AppData\Local\pypoetry\Cache\virtualenvs\backend-s7nl4Lah-py3.13\Lib\site-packages\sqlalchemy\util\_concurrency_py3k.py", line 196, in greenlet_spawn
    value = await result
                  └ <coroutine object AsyncAdapt_asyncpg_connection._rollback_and_discard at 0x000001FBBEB582B0>
  File "C:\Users\B1zn3\AppData\Local\pypoetry\Cache\virtualenvs\backend-s7nl4Lah-py3.13\Lib\site-packages\sqlalchemy\dialects\postgresql\asyncpg.py", line 563, in _prepare_and_execute
    self._handle_exception(error)
    │    └ <function AsyncAdapt_asyncpg_cursor._handle_exception at 0x000001FBBD5FD260>
    └ <sqlalchemy.dialects.postgresql.asyncpg.AsyncAdapt_asyncpg_cursor object at 0x000001FBBE7EF580>
  File "C:\Users\B1zn3\AppData\Local\pypoetry\Cache\virtualenvs\backend-s7nl4Lah-py3.13\Lib\site-packages\sqlalchemy\dialects\postgresql\asyncpg.py", line 513, in _handle_exception
    self._adapt_connection._handle_exception(error)
    │    │                                   └ UniqueViolationError('duplicate key value violates unique constraint "users_role_id_key"')
    │    └ <member '_adapt_connection' of 'AsyncAdapt_asyncpg_cursor' objects>
    └ <sqlalchemy.dialects.postgresql.asyncpg.AsyncAdapt_asyncpg_cursor object at 0x000001FBBE7EF580>
  File "C:\Users\B1zn3\AppData\Local\pypoetry\Cache\virtualenvs\backend-s7nl4Lah-py3.13\Lib\site-packages\sqlalchemy\dialects\postgresql\asyncpg.py", line 797, in _handle_exception
    raise translated_error from error
          │                     └ UniqueViolationError('duplicate key value violates unique constraint "users_role_id_key"')
          └ IntegrityError('<class \'asyncpg.exceptions.UniqueViolationError\'>: duplicate key value violates unique constraint "users_ro...

sqlalchemy.exc.IntegrityError: (sqlalchemy.dialects.postgresql.asyncpg.IntegrityError) <class 'asyncpg.exceptions.UniqueViolationError'>: duplicate key value violates unique constraint "users_role_id_key"
DETAIL:  Key (role_id)=(3) already exists.
[SQL: INSERT INTO users (role_id, email, password, is_active, created_at, updated_at, company_id, applicant_id) VALUES ($1::INTEGER, $2::VARCHAR, $3::VARCHAR, $4::BOOLEAN, $5::TIMESTAMP WITHOUT TIME ZONE, $6::TIMESTAMP WITHOUT TIME ZONE, $7::INTEGER, $8::INTEGER) RETURNING users.id]
[parameters: (3, '12user@example.com', '$argon2id$v=19$m=65536,t=3,p=4$TglhDIGQUqp17p2TEgIgxA$XLhlmEiEgnGSY6FkOFQkM6YoyTahCBMxfqxvGm4h9rI', True, datetime.datetime(2026, 3, 3, 19, 21, 34, 176567), datetime.datetime(2026, 3, 3, 19, 21, 34, 176570), None, 2)]
(Background on this error at: https://sqlalche.me/e/20/gkpj)
2026-03-03T22:22:58.396857+0300 | INFO | Shutting down
2026-03-03T22:22:58.397126+0300 | INFO | Shutting down
2026-03-03T22:22:58.499514+0300 | INFO | Waiting for application shutdown.
2026-03-03T22:22:58.500058+0300 | INFO | Waiting for application shutdown.
2026-03-03T22:22:58.500716+0300 | INFO | Redis closed
2026-03-03T22:22:58.501035+0300 | INFO | Application stopped
2026-03-03T22:22:58.501407+0300 | INFO | Application shutdown complete.
2026-03-03T22:22:58.501622+0300 | INFO | Application shutdown complete.
2026-03-03T22:22:58.501853+0300 | INFO | Finished server process [2296]
2026-03-03T22:22:58.502001+0300 | INFO | Finished server process [2296]
